#
# There is insufficient memory for the Java Runtime Environment to continue.
# Native memory allocation (mmap) failed to map 134217728 bytes for Failed to commit area from 0x0000000081400000 to 0x0000000089400000 of length 134217728.
# Possible reasons:
#   The system is out of physical RAM or swap space
#   The process is running with CompressedOops enabled, and the Java Heap may be blocking the growth of the native heap
# Possible solutions:
#   Reduce memory load on the system
#   Increase physical memory or swap space
#   Check if swap backing store is full
#   Decrease Java heap size (-Xmx/-Xms)
#   Decrease number of Java threads
#   Decrease Java thread stack sizes (-Xss)
#   Set larger code cache with -XX:ReservedCodeCacheSize=
# This output file may be truncated or incomplete.
#
#  Out of Memory Error (./open/src/hotspot/os/windows/os_windows.cpp:3275), pid=18160, tid=15424
#
# JRE version:  (11.0.8+10) (build )
# Java VM: Java HotSpot(TM) 64-Bit Server VM (11.0.8+10-LTS, mixed mode, sharing, tiered, compressed oops, g1 gc, windows-amd64)
# No core dump will be written. Minidumps are not enabled by default on client versions of Windows
#

---------------  S U M M A R Y ------------

Command Line: -Dfile.encoding=UTF-8 Calculadora

Host: Intel(R) Core(TM) i5-7200U CPU @ 2.50GHz, 4 cores, 7G,  Windows 10 , 64 bit Build 18362 (10.0.18362.1316)
Time: Thu Feb  4 20:56:42 2021 Central Standard Time (Mexico) elapsed time: 0 seconds (0d 0h 0m 0s)

---------------  T H R E A D  ---------------

Current thread (0x00000210f4e28000):  JavaThread "Unknown thread" [_thread_in_vm, id=15424, stack(0x0000001a02700000,0x0000001a02800000)]

Stack: [0x0000001a02700000,0x0000001a02800000]
Native frames: (J=compiled Java code, j=interpreted, Vv=VM code, C=native code)
V  [jvm.dll+0x601aea]
V  [jvm.dll+0x737fef]
V  [jvm.dll+0x739675]
V  [jvm.dll+0x739cf3]
V  [jvm.dll+0x242848]
V  [jvm.dll+0x5fef8a]
V  [jvm.dll+0x5f3eb5]
V  [jvm.dll+0x2f651c]
V  [jvm.dll+0x2f63a2]
V  [jvm.dll+0x2fb056]
V  [jvm.dll+0x33ce9f]
V  [jvm.dll+0x33c8d0]
V  [jvm.dll+0x2d4768]
V  [jvm.dll+0x2d58c6]
V  [jvm.dll+0x713e67]
V  [jvm.dll+0x71570f]
V  [jvm.dll+0x349c19]
V  [jvm.dll+0x6f97f0]
V  [jvm.dll+0x3b2a5f]
V  [jvm.dll+0x3b4e81]
C  [jli.dll+0x5213]
C  [ucrtbase.dll+0x210b2]
C  [KERNEL32.DLL+0x17c24]
C  [ntdll.dll+0x6d4d1]


---------------  P R O C E S S  ---------------

Threads class SMR info:
_java_thread_list=0x00000210f4c555f0, length=0, elements={
}

Java Threads: ( => current thread )

Other Threads:
  0x00000210f4e3f000 GCTaskThread "GC Thread#0" [stack: 0x0000001a02800000,0x0000001a02900000] [id=12948]
  0x00000210f4e6f800 ConcurrentGCThread "G1 Main Marker" [stack: 0x0000001a02900000,0x0000001a02a00000] [id=9236]
  0x00000210f4e71800 ConcurrentGCThread "G1 Conc#0" [stack: 0x0000001a02a00000,0x0000001a02b00000] [id=17556]

[error occurred during error reporting (printing all threads), id 0xc0000005, EXCEPTION_ACCESS_VIOLATION (0xc0000005) at pc=0x00007ff81a002f67]

VM state:not at safepoint (not fully initialized)

VM Mutex/Monitor currently owned by a thread:  ([mutex/lock_event])
[0x00000210f4e24370] Heap_lock - owner thread: 0x00000210f4e28000

Heap address: 0x0000000081400000, size: 2028 MB, Compressed Oops mode: Non-zero based: 0x0000000081400000
Narrow klass base: 0x0000000000000000, Narrow klass shift: 0

GC Heap History (0 events):
No events

Deoptimization events (0 events):
No events

Classes redefined (0 events):
No events

Internal exceptions (0 events):
No events

Events (0 events):
No events


Dynamic libraries:
0x00007ff72fc80000 - 0x00007ff72fc8f000 	C:\Program Files\Java\jdk-11.0.8\bin\java.exe
0x00007ff889280000 - 0x00007ff889470000 	C:\Windows\SYSTEM32\ntdll.dll
0x00007ff887ef0000 - 0x00007ff887fa2000 	C:\Windows\System32\KERNEL32.DLL
0x00007ff886d10000 - 0x00007ff886fb5000 	C:\Windows\System32\KERNELBASE.dll
0x00007ff886c10000 - 0x00007ff886d0a000 	C:\Windows\System32\ucrtbase.dll
0x00007ff86a200000 - 0x00007ff86a215000 	C:\Program Files\Java\jdk-11.0.8\bin\VCRUNTIME140.dll
0x00007ff871040000 - 0x00007ff871058000 	C:\Program Files\Java\jdk-11.0.8\bin\jli.dll
0x00007ff888f60000 - 0x00007ff889003000 	C:\Windows\System32\ADVAPI32.dll
0x00007ff889010000 - 0x00007ff8890ae000 	C:\Windows\System32\msvcrt.dll
0x00007ff8873a0000 - 0x00007ff887437000 	C:\Windows\System32\sechost.dll
0x00007ff887ca0000 - 0x00007ff887dbf000 	C:\Windows\System32\RPCRT4.dll
0x00007ff8876a0000 - 0x00007ff887834000 	C:\Windows\System32\USER32.dll
0x00007ff8863f0000 - 0x00007ff886411000 	C:\Windows\System32\win32u.dll
0x00007ff8890b0000 - 0x00007ff8890d6000 	C:\Windows\System32\GDI32.dll
0x00007ff887160000 - 0x00007ff8872f8000 	C:\Windows\System32\gdi32full.dll
0x00007ff872000000 - 0x00007ff872284000 	C:\Windows\WinSxS\amd64_microsoft.windows.common-controls_6595b64144ccf1df_6.0.18362.1316_none_9e7a364fe461dbd7\COMCTL32.dll
0x00007ff8878a0000 - 0x00007ff887bd7000 	C:\Windows\System32\combase.dll
0x00007ff887020000 - 0x00007ff8870a1000 	C:\Windows\System32\bcryptPrimitives.dll
0x00007ff886200000 - 0x00007ff88629e000 	C:\Windows\System32\msvcp_win.dll
0x00007ff87e870000 - 0x00007ff87e87a000 	C:\Windows\SYSTEM32\VERSION.dll
0x00007ff8883d0000 - 0x00007ff8883fe000 	C:\Windows\System32\IMM32.DLL
0x00007ff8476c0000 - 0x00007ff84775b000 	C:\Program Files\Java\jdk-11.0.8\bin\msvcp140.dll
0x00007ff819d20000 - 0x00007ff81a806000 	C:\Program Files\Java\jdk-11.0.8\bin\server\jvm.dll
0x00007ff887630000 - 0x00007ff887638000 	C:\Windows\System32\PSAPI.DLL
0x00007ff882cc0000 - 0x00007ff882ce4000 	C:\Windows\SYSTEM32\WINMM.dll
0x00007ff86a3f0000 - 0x00007ff86a3f9000 	C:\Windows\SYSTEM32\WSOCK32.dll
0x00007ff882c90000 - 0x00007ff882cbd000 	C:\Windows\SYSTEM32\WINMMBASE.dll
0x00007ff888360000 - 0x00007ff8883cf000 	C:\Windows\System32\WS2_32.dll
0x00007ff886ba0000 - 0x00007ff886bea000 	C:\Windows\System32\cfgmgr32.dll
0x00007ff8861b0000 - 0x00007ff8861c1000 	C:\Windows\System32\kernel.appcore.dll
0x00007ff8772b0000 - 0x00007ff8772c0000 	C:\Program Files\Java\jdk-11.0.8\bin\verify.dll
0x00007ff86a400000 - 0x00007ff86a5f4000 	C:\Windows\SYSTEM32\DBGHELP.DLL
0x00007ff86a220000 - 0x00007ff86a24a000 	C:\Windows\SYSTEM32\dbgcore.DLL
0x00007ff867220000 - 0x00007ff867248000 	C:\Program Files\Java\jdk-11.0.8\bin\java.dll
0x00007ff875bb0000 - 0x00007ff875bba000 	C:\Program Files\Java\jdk-11.0.8\bin\jimage.dll
0x00007ff868f00000 - 0x00007ff868f16000 	C:\Program Files\Java\jdk-11.0.8\bin\zip.dll

dbghelp: loaded successfully - version: 4.0.5 - missing functions: none
symbol engine: initialized successfully - sym options: 0x614 - pdb path: .;C:\Program Files\Java\jdk-11.0.8\bin;C:\Windows\SYSTEM32;C:\Windows\WinSxS\amd64_microsoft.windows.common-controls_6595b64144ccf1df_6.0.18362.1316_none_9e7a364fe461dbd7;C:\Program Files\Java\jdk-11.0.8\bin\server

VM Arguments:
jvm_args: -Dfile.encoding=UTF-8 
java_command: Calculadora
java_class_path (initial): C:\Users\ferna\AppData\Roaming\Code\User\workspaceStorage\6701f782a28e8e7f62f077f668427e8f\redhat.java\jdt_ws\CalculadoraSeries_2150b939\bin
Launcher Type: SUN_STANDARD

[Global flags]
     intx CICompilerCount                          = 3                                         {product} {ergonomic}
     uint ConcGCThreads                            = 1                                         {product} {ergonomic}
     uint G1ConcRefinementThreads                  = 4                                         {product} {ergonomic}
   size_t G1HeapRegionSize                         = 1048576                                   {product} {ergonomic}
    uintx GCDrainStackTargetSize                   = 64                                        {product} {ergonomic}
   size_t InitialHeapSize                          = 134217728                                 {product} {ergonomic}
   size_t MarkStackSize                            = 4194304                                   {product} {ergonomic}
   size_t MaxHeapSize                              = 2126512128                                {product} {ergonomic}
   size_t MinHeapDeltaBytes                        = 1048576                                   {product} {ergonomic}
    uintx NonNMethodCodeHeapSize                   = 5830732                                {pd product} {ergonomic}
    uintx NonProfiledCodeHeapSize                  = 122913754                              {pd product} {ergonomic}
    uintx ProfiledCodeHeapSize                     = 122913754                              {pd product} {ergonomic}
    uintx ReservedCodeCacheSize                    = 251658240                              {pd product} {ergonomic}
     bool SegmentedCodeCache                       = true                                      {product} {ergonomic}
     bool UseCompressedClassPointers               = true                                 {lp64_product} {ergonomic}
     bool UseCompressedOops                        = true                                 {lp64_product} {ergonomic}
     bool UseG1GC                                  = true                                      {product} {ergonomic}
     bool UseLargePagesIndividualAllocation        = false                                  {pd product} {ergonomic}

Logging:
Log output configuration:
 #0: stdout all=warning uptime,level,tags
 #1: stderr all=off uptime,level,tags

Environment Variables:
PATH=C:\Program Files\Common Files\Oracle\Java\javapath;C:\Program Files (x86)\Common Files\Intel\Shared Libraries\redist\intel64\compiler;C:\Program Files (x86)\Common Files\Oracle\Java\javapath;C:\Windows\system32;C:\Windows;C:\Windows\System32\Wbem;C:\Windows\System32\WindowsPowerShell\v1.0\;C:\Windows\System32\OpenSSH\;C:\Program Files\NVIDIA Corporation\NVIDIA NvDLISR;C:\Program Files (x86)\NVIDIA Corporation\PhysX\Common;C:\Program Files\Git\cmd;C:\Users\ferna\AppData\Local\Microsoft\WindowsApps;C:\Users\ferna\AppData\Local\GitHubDesktop\bin;C:\Users\ferna\AppData\Local\Programs\Microsoft VS Code\bin
USERNAME=ferna
OS=Windows_NT
PROCESSOR_IDENTIFIER=Intel64 Family 6 Model 142 Stepping 9, GenuineIntel



---------------  S Y S T E M  ---------------

OS: Windows 10 , 64 bit Build 18362 (10.0.18362.1316)
HyperV virtualization detected

CPU:total 4 (initial active 4) (2 cores per cpu, 2 threads per core) family 6 model 142 stepping 9, cmov, cx8, fxsr, mmx, sse, sse2, sse3, ssse3, sse4.1, sse4.2, popcnt, avx, avx2, aes, clmul, erms, 3dnowpref, lzcnt, ht, tsc, tscinvbit, bmi1, bmi2, adx, fma

Memory: 4k page, system-wide physical 8111M (1017M free)
TotalPageFile size 16303M (AvailPageFile size 84M)
current process WorkingSet (physical memory assigned to process): 9M, peak: 9M
current process commit charge ("private bytes"): 51M, peak: 179M

vm_info: Java HotSpot(TM) 64-Bit Server VM (11.0.8+10-LTS) for windows-amd64 JRE (11.0.8+10-LTS), built on Jun 16 2020 05:53:08 by "mach5one" with unknown MS VC++:1916

END.
